## SLURM PROLOG ###############################################################
##    Job ID : 2041611
##  Job Name : amey_plot
##  Nodelist : node[1309,1314]
##      CPUs : 10
##  Mem/Node : 6144 MB
## Directory : /gpfs/scratch/avarhard/ret60_3_nl_g_s3
##   Started : Tue Aug 17 05:45:55 EDT 2021
###############################################################################
WARNING: A conda environment already exists at '/users/avarhard/anaconda/amey_conda'
Remove existing environment (y/[n])? 
Collecting package metadata (current_repodata.json): ...working... done
Solving environment: ...working... done

# All requested packages already installed.

0
th:  0
th:  16
th:  32
th:  48
th:  64
th:  80
th:  96
th:  112
th:  128
th:  144
th:  160
th:  176
th:  192
th:  208
th:  224
th:  240
z:  0
z:  16
z:  32
z:  48
z:  64
z:  80
z:  96
z:  112
z:  128
z:  144
z:  160
z:  176
z:  192
z:  208
z:  224
z:  240
1
th:  0
th:  16
th:  32
th:  48
th:  64
th:  80
th:  96
th:  112
th:  128
th:  144
th:  160
th:  176
th:  192
th:  208
th:  224
th:  240
z:  0
z:  16
z:  32
z:  48
z:  64
z:  80
z:  96
z:  112
z:  128
z:  144
z:  160
z:  176
z:  192
z:  208
z:  224
z:  240
2
th:  0
th:  16
th:  32
th:  48
th:  64
th:  80
th:  96
th:  112
th:  128
th:  144
th:  160
th:  176
th:  192
th:  208
th:  224
th:  240
z:  0
z:  16
z:  32
z:  48
z:  64
z:  80
z:  96
z:  112
z:  128
z:  144
z:  160
z:  176
z:  192
z:  208
z:  224
z:  240
3
th:  0
th:  16
th:  32
th:  48
th:  64
th:  80
th:  96
th:  112
th:  128
th:  144
th:  160
th:  176
th:  192
th:  208
th:  224
th:  240
z:  0
z:  16
z:  32
z:  48
z:  64
z:  80
z:  96
z:  112
z:  128
z:  144
z:  160
z:  176
z:  192
z:  208
z:  224
z:  240
4
th:  0
th:  16
th:  32
th:  48
th:  64
th:  80
th:  96
th:  112
th:  128
th:  144
th:  160
th:  176
th:  192
th:  208
th:  224
th:  240
z:  0
z:  16
z:  32
z:  48
z:  64
z:  80
z:  96
z:  112
z:  128
z:  144
z:  160
z:  176
z:  192
z:  208
z:  224
z:  240
5
th:  0
th:  16
th:  32
th:  48
th:  64
th:  80
th:  96
th:  112
th:  128
th:  144
th:  160
th:  176
th:  192
th:  208
th:  224
th:  240
z:  0
z:  16
z:  32
z:  48
z:  64
z:  80
z:  96
z:  112
z:  128
z:  144
z:  160
z:  176
z:  192
z:  208
z:  224
z:  240
6
th:  0
th:  16
th:  32
th:  48
th:  64
th:  80
th:  96
th:  112
th:  128
th:  144
th:  160
th:  176
th:  192
th:  208
th:  224
th:  240
z:  0
z:  16
z:  32
z:  48
z:  64
z:  80
z:  96
z:  112
z:  128
z:  144
z:  160
z:  176
z:  192
z:  208
z:  224
z:  240
7
th:  0
th:  16
th:  32
th:  48
th:  64
th:  80
th:  96
th:  112
th:  128
th:  144
th:  160
th:  176
th:  192
th:  208
th:  224
th:  240
z:  0
z:  16
z:  32
z:  48
z:  64
z:  80
z:  96
z:  112
z:  128
z:  144
z:  160
z:  176
z:  192
z:  208
z:  224
z:  240
8
th:  0
th:  16
th:  32
th:  48
th:  64
th:  80
th:  96
th:  112
th:  128
th:  144
th:  160
th:  176
th:  192
th:  208
th:  224
th:  240
z:  0
z:  16
z:  32
z:  48
z:  64
z:  80
z:  96
z:  112
z:  128
z:  144
z:  160
z:  176
z:  192
z:  208
z:  224
z:  240
9
th:  0
th:  16
th:  32
th:  48
th:  64
th:  80
th:  96
th:  112
th:  128
th:  144
th:  160
th:  176
th:  192
th:  208
th:  224
th:  240
z:  0
z:  16
z:  32
z:  48
z:  64
z:  80
z:  96
z:  112
z:  128
z:  144
z:  160
z:  176
z:  192
z:  208
z:  224
z:  240
10
th:  0
th:  16
th:  32
th:  48
th:  64
th:  80
th:  96
th:  112
th:  128
th:  144
th:  160
th:  176
th:  192
th:  208
th:  224
th:  240
z:  0
z:  16
z:  32
z:  48
z:  64
z:  80
z:  96
z:  112
z:  128
z:  144
z:  160
z:  176
z:  192
z:  208
z:  224
z:  240
11
th:  0
th:  16
th:  32
th:  48
th:  64
th:  80
th:  96
th:  112
th:  128
th:  144
th:  160
th:  176
th:  192
th:  208
th:  224
th:  240
z:  0
z:  16
z:  32
z:  48
z:  64
z:  80
z:  96
z:  112
z:  128
z:  144
z:  160
z:  176
z:  192
z:  208
z:  224
z:  240
12
th:  0
th:  16
th:  32
th:  48
th:  64
th:  80
th:  96
th:  112
th:  128
th:  144
th:  160
th:  176
th:  192
th:  208
th:  224
th:  240
z:  0
z:  16
z:  32
z:  48
z:  64
z:  80
z:  96
z:  112
z:  128
z:  144
z:  160
z:  176
z:  192
z:  208
z:  224
z:  240
13
th:  0
th:  16
th:  32
th:  48
th:  64
th:  80
th:  96
th:  112
th:  128
th:  144
th:  160
th:  176
th:  192
th:  208
th:  224
th:  240
z:  0
z:  16
z:  32
z:  48
z:  64
z:  80
z:  96
z:  112
z:  128
z:  144
z:  160
z:  176
z:  192
z:  208
z:  224
z:  240
14
th:  0
th:  16
th:  32
th:  48
th:  64
th:  80
th:  96
th:  112
th:  128
th:  144
th:  160
th:  176
th:  192
th:  208
th:  224
th:  240
z:  0
z:  16
z:  32
z:  48
z:  64
z:  80
z:  96
z:  112
z:  128
z:  144
z:  160
z:  176
z:  192
z:  208
z:  224
z:  240
15
th:  0
th:  16
th:  32
th:  48
th:  64
th:  80
th:  96
th:  112
th:  128
th:  144
th:  160
th:  176
th:  192
th:  208
th:  224
th:  240
z:  0
z:  16
z:  32
z:  48
z:  64
z:  80
z:  96
z:  112
z:  128
z:  144
z:  160
z:  176
z:  192
z:  208
z:  224
z:  240
16
th:  0
th:  16
th:  32
th:  48
th:  64
th:  80
th:  96
th:  112
th:  128
th:  144
th:  160
th:  176
th:  192
th:  208
th:  224
th:  240
z:  0
z:  16
z:  32
z:  48
z:  64
z:  80
z:  96
z:  112
z:  128
z:  144
z:  160
z:  176
z:  192
z:  208
z:  224
z:  240
17
th:  0
th:  16
th:  32
th:  48
th:  64
th:  80
th:  96
th:  112
th:  128
th:  144
th:  160
th:  176
th:  192
th:  208
th:  224
th:  240
z:  0
z:  16
z:  32
z:  48
z:  64
z:  80
z:  96
z:  112
z:  128
z:  144
z:  160
z:  176
z:  192
z:  208
z:  224
z:  240
18
th:  0
th:  16
th:  32
th:  48
th:  64
th:  80
th:  96
th:  112
th:  128
th:  144
th:  160
th:  176
th:  192
th:  208
th:  224
th:  240
z:  0
z:  16
z:  32
z:  48
z:  64
z:  80
z:  96
z:  112
z:  128
z:  144
z:  160
z:  176
z:  192
z:  208
z:  224
z:  240
19
th:  0
th:  16
th:  32
th:  48
th:  64
th:  80
th:  96
th:  112
th:  128
th:  144
th:  160
th:  176
th:  192
th:  208
th:  224
th:  240
z:  0
z:  16
z:  32
z:  48
z:  64
z:  80
z:  96
z:  112
z:  128
z:  144
z:  160
z:  176
z:  192
z:  208
z:  224
z:  240
20
th:  0
th:  16
th:  32
th:  48
th:  64
th:  80
th:  96
th:  112
th:  128
th:  144
th:  160
th:  176
th:  192
th:  208
th:  224
th:  240
z:  0
z:  16
z:  32
z:  48
z:  64
z:  80
z:  96
z:  112
z:  128
z:  144
z:  160
z:  176
z:  192
z:  208
z:  224
z:  240
21
th:  0
th:  16
th:  32
th:  48
th:  64
th:  80
th:  96
th:  112
th:  128
th:  144
th:  160
th:  176
th:  192
th:  208
th:  224
th:  240
z:  0
z:  16
z:  32
z:  48
z:  64
z:  80
z:  96
z:  112
z:  128
z:  144
z:  160
z:  176
z:  192
z:  208
z:  224
z:  240
22
th:  0
th:  16
th:  32
th:  48
th:  64
th:  80
th:  96
th:  112
th:  128
th:  144
th:  160
th:  176
th:  192
th:  208
th:  224
th:  240
z:  0
z:  16
z:  32
z:  48
z:  64
z:  80
z:  96
z:  112
z:  128
z:  144
z:  160
z:  176
z:  192
z:  208
z:  224
z:  240
23
th:  0
th:  16
th:  32
th:  48
th:  64
th:  80
th:  96
th:  112
th:  128
th:  144
th:  160
th:  176
th:  192
th:  208
th:  224
th:  240
z:  0
z:  16
z:  32
z:  48
z:  64
z:  80
z:  96
z:  112
z:  128
z:  144
z:  160
z:  176
z:  192
z:  208
z:  224
z:  240
24
th:  0
th:  16
th:  32
th:  48
th:  64
th:  80
th:  96
th:  112
th:  128
th:  144
th:  160
th:  176
th:  192
th:  208
th:  224
th:  240
z:  0
z:  16
z:  32
z:  48
z:  64
z:  80
z:  96
z:  112
z:  128
z:  144
z:  160
z:  176
z:  192
z:  208
z:  224
z:  240
25
th:  0
th:  16
th:  32
th:  48
th:  64
th:  80
th:  96
th:  112
th:  128
th:  144
th:  160
th:  176
th:  192
th:  208
th:  224
th:  240
z:  0
z:  16
z:  32
z:  48
z:  64
z:  80
z:  96
z:  112
z:  128
z:  144
z:  160
z:  176
z:  192
z:  208
z:  224
z:  240
26
th:  0
th:  16
th:  32
th:  48
th:  64
th:  80
th:  96
th:  112
th:  128
th:  144
th:  160
th:  176
th:  192
th:  208
th:  224
th:  240
z:  0
z:  16
z:  32
z:  48
z:  64
z:  80
z:  96
z:  112
z:  128
z:  144
z:  160
z:  176
z:  192
z:  208
z:  224
z:  240
27
th:  0
th:  16
th:  32
th:  48
th:  64
th:  80
th:  96
th:  112
th:  128
th:  144
th:  160
th:  176
th:  192
th:  208
th:  224
th:  240
z:  0
z:  16
z:  32
z:  48
z:  64
z:  80
z:  96
z:  112
z:  128
z:  144
z:  160
z:  176
z:  192
z:  208
z:  224
z:  240
28
th:  0
th:  16
th:  32
th:  48
th:  64
th:  80
th:  96
th:  112
th:  128
th:  144
th:  160
th:  176
th:  192
th:  208
th:  224
th:  240
z:  0
z:  16
z:  32
z:  48
z:  64
z:  80
z:  96
z:  112
z:  128
z:  144
z:  160
z:  176
z:  192
z:  208
z:  224
z:  240
29
th:  0
th:  16
th:  32
th:  48
th:  64
th:  80
th:  96
th:  112
th:  128
th:  144
th:  160
th:  176
th:  192
th:  208
th:  224
th:  240
z:  0
z:  16
z:  32
z:  48
z:  64
z:  80
z:  96
z:  112
z:  128
z:  144
z:  160
z:  176
z:  192
z:  208
z:  224
z:  240
30
th:  0
th:  16
th:  32
th:  48
th:  64
th:  80
th:  96
th:  112
th:  128
th:  144
th:  160
th:  176
th:  192
th:  208
th:  224
th:  240
z:  0
z:  16
z:  32
z:  48
z:  64
z:  80
z:  96
z:  112
z:  128
z:  144
z:  160
z:  176
z:  192
z:  208
z:  224
z:  240
31
th:  0
th:  16
th:  32
th:  48
th:  64
th:  80
th:  96
th:  112
th:  128
th:  144
th:  160
th:  176
th:  192
th:  208
th:  224
th:  240
z:  0
z:  16
z:  32
z:  48
z:  64
z:  80
z:  96
z:  112
z:  128
z:  144
z:  160
z:  176
z:  192
z:  208
z:  224
z:  240
32
th:  0
th:  16
th:  32
th:  48
th:  64
th:  80
th:  96
th:  112
th:  128
th:  144
th:  160
th:  176
th:  192
th:  208
th:  224
th:  240
z:  0
z:  16
z:  32
z:  48
z:  64
z:  80
z:  96
z:  112
z:  128
z:  144
z:  160
z:  176
z:  192
z:  208
z:  224
z:  240
33
th:  0
th:  16
th:  32
th:  48
th:  64
th:  80
th:  96
th:  112
th:  128
th:  144
th:  160
th:  176
th:  192
th:  208
th:  224
th:  240
z:  0
z:  16
z:  32
z:  48
z:  64
z:  80
z:  96
z:  112
z:  128
z:  144
z:  160
z:  176
z:  192
z:  208
z:  224
z:  240
34
th:  0
th:  16
th:  32
th:  48
th:  64
th:  80
th:  96
th:  112
th:  128
th:  144
th:  160
th:  176
th:  192
th:  208
th:  224
th:  240
z:  0
z:  16
z:  32
z:  48
z:  64
z:  80
z:  96
z:  112
z:  128
z:  144
z:  160
z:  176
z:  192
z:  208
z:  224
z:  240
35
th:  0
th:  16
th:  32
th:  48
th:  64
th:  80
th:  96
th:  112
th:  128
th:  144
th:  160
th:  176
th:  192
th:  208
th:  224
th:  240
z:  0
z:  16
z:  32
z:  48
z:  64
z:  80
z:  96
z:  112
z:  128
z:  144
z:  160
z:  176
z:  192
z:  208
z:  224
z:  240
36
th:  0
th:  16
th:  32
th:  48
th:  64
th:  80
th:  96
th:  112
th:  128
th:  144
th:  160
th:  176
th:  192
th:  208
th:  224
th:  240
z:  0
z:  16
z:  32
z:  48
z:  64
z:  80
z:  96
z:  112
z:  128
z:  144
z:  160
z:  176
z:  192
z:  208
z:  224
z:  240
37
th:  0
th:  16
th:  32
th:  48
th:  64
th:  80
th:  96
th:  112
th:  128
th:  144
th:  160
th:  176
th:  192
th:  208
th:  224
th:  240
z:  0
z:  16
z:  32
z:  48
z:  64
z:  80
z:  96
z:  112
z:  128
z:  144
z:  160
z:  176
z:  192
z:  208
z:  224
z:  240
38
th:  0
th:  16
th:  32
th:  48
th:  64
th:  80
th:  96
th:  112
th:  128
th:  144
th:  160
th:  176
th:  192
th:  208
th:  224
th:  240
z:  0
z:  16
z:  32
z:  48
z:  64
z:  80
z:  96
z:  112
z:  128
z:  144
z:  160
z:  176
z:  192
z:  208
z:  224
z:  240
39
th:  0
th:  16
th:  32
th:  48
th:  64
th:  80
th:  96
th:  112
th:  128
th:  144
th:  160
th:  176
th:  192
th:  208
th:  224
th:  240
z:  0
z:  16
z:  32
z:  48
z:  64
z:  80
z:  96
z:  112
z:  128
z:  144
z:  160
z:  176
z:  192
z:  208
z:  224
z:  240
40
th:  0
th:  16
th:  32
th:  48
th:  64
th:  80
th:  96
th:  112
th:  128
th:  144
th:  160
th:  176
th:  192
th:  208
th:  224
th:  240
z:  0
z:  16
z:  32
z:  48
z:  64
z:  80
z:  96
z:  112
z:  128
z:  144
z:  160
z:  176
z:  192
z:  208
z:  224
z:  240
41
th:  0
th:  16
th:  32
th:  48
th:  64
th:  80
th:  96
th:  112
th:  128
th:  144
th:  160
th:  176
th:  192
th:  208
th:  224
th:  240
z:  0
z:  16
z:  32
z:  48
z:  64
z:  80
z:  96
z:  112
z:  128
z:  144
z:  160
z:  176
z:  192
z:  208
z:  224
z:  240
42
th:  0
th:  16
th:  32
th:  48
th:  64
th:  80
th:  96
th:  112
th:  128
th:  144
th:  160
th:  176
th:  192
th:  208
th:  224
th:  240
z:  0
z:  16
z:  32
z:  48
z:  64
z:  80
z:  96
z:  112
z:  128
z:  144
z:  160
z:  176
z:  192
z:  208
z:  224
z:  240
43
th:  0
th:  16
th:  32
th:  48
th:  64
th:  80
th:  96
th:  112
th:  128
th:  144
th:  160
th:  176
th:  192
th:  208
th:  224
th:  240
z:  0
z:  16
z:  32
z:  48
z:  64
z:  80
z:  96
z:  112
z:  128
z:  144
z:  160
z:  176
z:  192
z:  208
z:  224
z:  240
44
th:  0
th:  16
th:  32
th:  48
th:  64
th:  80
th:  96
th:  112
th:  128
th:  144
th:  160
th:  176
th:  192
th:  208
th:  224
th:  240
z:  0
z:  16
z:  32
z:  48
z:  64
z:  80
z:  96
z:  112
z:  128
z:  144
z:  160
z:  176
z:  192
z:  208
z:  224
z:  240
45
th:  0
th:  16
th:  32
th:  48
th:  64
th:  80
th:  96
th:  112
th:  128
th:  144
th:  160
th:  176
th:  192
th:  208
th:  224
th:  240
z:  0
z:  16
z:  32
z:  48
z:  64
z:  80
z:  96
z:  112
z:  128
z:  144
z:  160
z:  176
z:  192
z:  208
z:  224
z:  240
46
th:  0
th:  16
th:  32
th:  48
th:  64
th:  80
th:  96
th:  112
th:  128
th:  144
th:  160
th:  176
th:  192
th:  208
th:  224
th:  240
z:  0
z:  16
z:  32
z:  48
z:  64
z:  80
z:  96
z:  112
z:  128
z:  144
z:  160
z:  176
z:  192
z:  208
z:  224
z:  240
47
th:  0
th:  16
th:  32
th:  48
th:  64
th:  80
th:  96
th:  112
th:  128
th:  144
th:  160
th:  176
th:  192
th:  208
th:  224
th:  240
z:  0
z:  16
z:  32
z:  48
z:  64
z:  80
z:  96
z:  112
z:  128
z:  144
z:  160
z:  176
z:  192
z:  208
z:  224
z:  240
48
th:  0
th:  16
th:  32
th:  48
th:  64
th:  80
th:  96
th:  112
th:  128
th:  144
th:  160
th:  176
th:  192
th:  208
th:  224
th:  240
z:  0
z:  16
z:  32
z:  48
z:  64
z:  80
z:  96
z:  112
z:  128
z:  144
z:  160
z:  176
z:  192
z:  208
z:  224
z:  240
49
th:  0
th:  16
th:  32
th:  48
th:  64
th:  80
th:  96
th:  112
th:  128
th:  144
th:  160
th:  176
th:  192
th:  208
th:  224
th:  240
z:  0
z:  16
z:  32
z:  48
z:  64
z:  80
z:  96
z:  112
z:  128
z:  144
z:  160
z:  176
z:  192
z:  208
z:  224
z:  240
50
th:  0
th:  16
th:  32
th:  48
th:  64
th:  80
th:  96
th:  112
th:  128
th:  144
th:  160
th:  176
th:  192
th:  208
th:  224
th:  240
z:  0
z:  16
z:  32
z:  48
z:  64
z:  80
z:  96
z:  112
z:  128
z:  144
z:  160
z:  176
z:  192
z:  208
z:  224
z:  240
51
th:  0
th:  16
th:  32
th:  48
th:  64
th:  80
th:  96
th:  112
th:  128
th:  144
th:  160
th:  176
th:  192
th:  208
th:  224
th:  240
z:  0
z:  16
z:  32
z:  48
z:  64
z:  80
z:  96
z:  112
z:  128
z:  144
z:  160
z:  176
z:  192
z:  208
z:  224
z:  240
52
th:  0
th:  16
th:  32
th:  48
th:  64
th:  80
th:  96
th:  112
th:  128
th:  144
th:  160
th:  176
th:  192
th:  208
th:  224
th:  240
z:  0
z:  16
z:  32
z:  48
z:  64
z:  80
z:  96
z:  112
z:  128
z:  144
z:  160
z:  176
z:  192
z:  208
z:  224
z:  240
53
th:  0
th:  16
th:  32
th:  48
th:  64
th:  80
th:  96
th:  112
th:  128
th:  144
th:  160
th:  176
th:  192
th:  208
th:  224
th:  240
z:  0
z:  16
z:  32
z:  48
z:  64
z:  80
z:  96
z:  112
z:  128
z:  144
z:  160
z:  176
z:  192
z:  208
z:  224
z:  240
54
th:  0
th:  16
th:  32
th:  48
th:  64
th:  80
th:  96
th:  112
th:  128
th:  144
th:  160
th:  176
th:  192
th:  208
th:  224
th:  240
z:  0
z:  16
z:  32
z:  48
z:  64
z:  80
z:  96
z:  112
z:  128
z:  144
z:  160
z:  176
z:  192
z:  208
z:  224
z:  240
55
th:  0
th:  16
th:  32
th:  48
th:  64
th:  80
th:  96
th:  112
th:  128
th:  144
th:  160
th:  176
th:  192
th:  208
th:  224
th:  240
z:  0
z:  16
z:  32
z:  48
z:  64
z:  80
z:  96
z:  112
z:  128
z:  144
z:  160
z:  176
z:  192
z:  208
z:  224
z:  240
56
th:  0
th:  16
th:  32
th:  48
th:  64
th:  80
th:  96
th:  112
th:  128
th:  144
th:  160
th:  176
th:  192
th:  208
th:  224
th:  240
z:  0
z:  16
z:  32
z:  48
z:  64
z:  80
z:  96
z:  112
z:  128
z:  144
z:  160
z:  176
z:  192
z:  208
z:  224
z:  240
57
th:  0
th:  16
th:  32
th:  48
th:  64
th:  80
th:  96
th:  112
th:  128
th:  144
th:  160
th:  176
th:  192
th:  208
th:  224
th:  240
z:  0
z:  16
z:  32
z:  48
z:  64
z:  80
z:  96
z:  112
z:  128
z:  144
z:  160
z:  176
z:  192
z:  208
z:  224
z:  240
58
th:  0
th:  16
th:  32
th:  48
th:  64
th:  80
th:  96
th:  112
th:  128
th:  144
th:  160
th:  176
th:  192
th:  208
th:  224
th:  240
z:  0
z:  16
z:  32
z:  48
z:  64
z:  80
z:  96
z:  112
z:  128
z:  144
z:  160
z:  176
z:  192
z:  208
z:  224
z:  240
59
th:  0
th:  16
th:  32
th:  48
th:  64
th:  80
th:  96
th:  112
th:  128
th:  144
th:  160
th:  176
th:  192
th:  208
th:  224
th:  240
z:  0
z:  16
z:  32
z:  48
z:  64
z:  80
z:  96
z:  112
z:  128
z:  144
z:  160
z:  176
z:  192
z:  208
z:  224
z:  240
60
th:  0
th:  16
th:  32
th:  48
th:  64
th:  80
th:  96
th:  112
th:  128
th:  144
th:  160
th:  176
th:  192
th:  208
th:  224
th:  240
z:  0
z:  16
z:  32
z:  48
z:  64
z:  80
z:  96
z:  112
z:  128
z:  144
z:  160
z:  176
z:  192
z:  208
z:  224
z:  240
61
th:  0
th:  16
th:  32
th:  48
th:  64
th:  80
th:  96
th:  112
th:  128
th:  144
th:  160
th:  176
th:  192
th:  208
th:  224
th:  240
z:  0
z:  16
z:  32
z:  48
z:  64
z:  80
z:  96
z:  112
z:  128
z:  144
z:  160
z:  176
z:  192
z:  208
z:  224
z:  240
62
th:  0
th:  16
th:  32
th:  48
th:  64
th:  80
th:  96
th:  112
th:  128
th:  144
th:  160
th:  176
th:  192
th:  208
th:  224
th:  240
z:  0
z:  16
z:  32
z:  48
z:  64
z:  80
z:  96
z:  112
z:  128
z:  144
z:  160
z:  176
z:  192
z:  208
z:  224
z:  240
63
th:  0
th:  16
th:  32
th:  48
th:  64
th:  80
th:  96
th:  112
th:  128
th:  144
th:  160
th:  176
th:  192
th:  208
th:  224
th:  240
z:  0
z:  16
z:  32
z:  48
z:  64
z:  80
z:  96
z:  112
z:  128
z:  144
z:  160
z:  176
z:  192
z:  208
z:  224
z:  240
64
th:  0
th:  16
th:  32
th:  48
th:  64
th:  80
th:  96
th:  112
th:  128
th:  144
th:  160
th:  176
th:  192
th:  208
th:  224
th:  240
z:  0
z:  16
z:  32
z:  48
z:  64
z:  80
z:  96
z:  112
z:  128
z:  144
z:  160
z:  176
z:  192
z:  208
z:  224
z:  240
65
th:  0
th:  16
th:  32
th:  48
th:  64
th:  80
th:  96
th:  112
th:  128
th:  144
th:  160
th:  176
th:  192
th:  208
th:  224
th:  240
z:  0
z:  16
z:  32
z:  48
z:  64
z:  80
z:  96
z:  112
z:  128
z:  144
z:  160
z:  176
z:  192
z:  208
z:  224
z:  240
66
th:  0
th:  16
th:  32
th:  48
th:  64
th:  80
th:  96
th:  112
th:  128
th:  144
th:  160
th:  176
th:  192
th:  208
th:  224
th:  240
z:  0
z:  16
z:  32
z:  48
z:  64
z:  80
z:  96
z:  112
z:  128
z:  144
z:  160
z:  176
z:  192
z:  208
z:  224
z:  240
67
th:  0
th:  16
th:  32
th:  48
th:  64
th:  80
th:  96
th:  112
th:  128
th:  144
th:  160
th:  176
th:  192
th:  208
th:  224
th:  240
z:  0
z:  16
z:  32
z:  48
z:  64
z:  80
z:  96
z:  112
z:  128
z:  144
z:  160
z:  176
z:  192
z:  208
z:  224
z:  240
68
th:  0
th:  16
th:  32
th:  48
th:  64
th:  80
th:  96
th:  112
th:  128
th:  144
th:  160
th:  176
th:  192
th:  208
th:  224
th:  240
z:  0
z:  16
z:  32
z:  48
z:  64
z:  80
z:  96
z:  112
z:  128
z:  144
z:  160
z:  176
z:  192
z:  208
z:  224
z:  240
